{"name":"loginJourneyWithDifferentCredentials","status":"failed","statusDetails":{"known":false,"muted":false,"flaky":false,"message":"Test Failed : Error : Invalid Header! FAILED ::Expected condition failed: waiting for visibility of element located by By.id: EMAIL_ADDRESS_TEXTFIELD_IOS (tried for 20 second(s) with 500 milliseconds interval)\nBuild info: version: '4.25.0', revision: '8a8aea2337'\nSystem info: os.name: 'Mac OS X', os.arch: 'x86_64', os.version: '14.6.1', java.version: '22.0.2'\nDriver info: io.appium.java_client.ios.IOSDriver\nCapabilities {appium:app: /Users/gaurav_purwar/Docume..., appium:autoAcceptAlerts: true, appium:autoGrantPermissions: true, appium:automationName: XCuiTest, appium:commandTimeouts: {default: 12000}, appium:databaseEnabled: false, appium:deviceName: Gaurav iPhone (17.5.1), appium:javascriptEnabled: true, appium:locationContextEnabled: false, appium:networkConnectionEnabled: false, appium:platformVersion: 17.5, appium:takesScreenshot: true, appium:udid: 00008101-000144661EF0001E, appium:wdaLaunchTimeout: 50000, appium:webStorageEnabled: false, appium:xcodeOrgId: purwar389@gmail.com, appium:xcodeSigningId: iPhone Developer, platformName: IOS}\nSession ID: 1e56e847-4951-4a5a-9111-3e50a77fdbb8","trace":"java.lang.AssertionError: Test Failed : Error : Invalid Header! FAILED ::Expected condition failed: waiting for visibility of element located by By.id: EMAIL_ADDRESS_TEXTFIELD_IOS (tried for 20 second(s) with 500 milliseconds interval)\nBuild info: version: '4.25.0', revision: '8a8aea2337'\nSystem info: os.name: 'Mac OS X', os.arch: 'x86_64', os.version: '14.6.1', java.version: '22.0.2'\nDriver info: io.appium.java_client.ios.IOSDriver\nCapabilities {appium:app: /Users/gaurav_purwar/Docume..., appium:autoAcceptAlerts: true, appium:autoGrantPermissions: true, appium:automationName: XCuiTest, appium:commandTimeouts: {default: 12000}, appium:databaseEnabled: false, appium:deviceName: Gaurav iPhone (17.5.1), appium:javascriptEnabled: true, appium:locationContextEnabled: false, appium:networkConnectionEnabled: false, appium:platformVersion: 17.5, appium:takesScreenshot: true, appium:udid: 00008101-000144661EF0001E, appium:wdaLaunchTimeout: 50000, appium:webStorageEnabled: false, appium:xcodeOrgId: purwar389@gmail.com, appium:xcodeSigningId: iPhone Developer, platformName: IOS}\nSession ID: 1e56e847-4951-4a5a-9111-3e50a77fdbb8\n\tat org.testng.Assert.fail(Assert.java:99)\n\tat mobile.Tests.LoginTests.loginJourneyWithDifferentCredentials(LoginTests.java:59)\n\tat java.base/jdk.internal.reflect.DirectMethodHandleAccessor.invoke(DirectMethodHandleAccessor.java:103)\n\tat java.base/java.lang.reflect.Method.invoke(Method.java:580)\n\tat org.testng.internal.MethodInvocationHelper.invokeMethod(MethodInvocationHelper.java:133)\n\tat org.testng.internal.TestInvoker.invokeMethod(TestInvoker.java:598)\n\tat org.testng.internal.TestInvoker.invokeTestMethod(TestInvoker.java:173)\n\tat org.testng.internal.MethodRunner.runInSequence(MethodRunner.java:46)\n\tat org.testng.internal.TestInvoker$MethodInvocationAgent.invoke(TestInvoker.java:824)\n\tat org.testng.internal.TestInvoker.invokeTestMethods(TestInvoker.java:146)\n\tat org.testng.internal.TestMethodWorker.invokeTestMethods(TestMethodWorker.java:146)\n\tat org.testng.internal.TestMethodWorker.run(TestMethodWorker.java:128)\n\tat java.base/java.util.ArrayList.forEach(ArrayList.java:1597)\n\tat org.testng.TestRunner.privateRun(TestRunner.java:794)\n\tat org.testng.TestRunner.run(TestRunner.java:596)\n\tat org.testng.SuiteRunner.runTest(SuiteRunner.java:377)\n\tat org.testng.SuiteRunner.runSequentially(SuiteRunner.java:371)\n\tat org.testng.SuiteRunner.privateRun(SuiteRunner.java:332)\n\tat org.testng.SuiteRunner.run(SuiteRunner.java:276)\n\tat org.testng.SuiteRunnerWorker.runSuite(SuiteRunnerWorker.java:53)\n\tat org.testng.SuiteRunnerWorker.run(SuiteRunnerWorker.java:96)\n\tat org.testng.TestNG.runSuitesSequentially(TestNG.java:1212)\n\tat org.testng.TestNG.runSuitesLocally(TestNG.java:1134)\n\tat org.testng.TestNG.runSuites(TestNG.java:1063)\n\tat org.testng.TestNG.run(TestNG.java:1031)\n\tat org.apache.maven.surefire.testng.TestNGExecutor.run(TestNGExecutor.java:281)\n\tat org.apache.maven.surefire.testng.TestNGXmlTestSuite.execute(TestNGXmlTestSuite.java:75)\n\tat org.apache.maven.surefire.testng.TestNGProvider.invoke(TestNGProvider.java:121)\n\tat org.apache.maven.surefire.booter.ForkedBooter.invokeProviderInSameClassLoader(ForkedBooter.java:290)\n\tat org.apache.maven.surefire.booter.ForkedBooter.runSuitesInProcess(ForkedBooter.java:242)\n\tat org.apache.maven.surefire.booter.ForkedBooter.main(ForkedBooter.java:121)\n"},"stage":"finished","steps":[],"attachments":[],"parameters":[{"name":"platformName","value":"android"},{"name":"arg1","value":"test123"},{"name":"arg0","value":"gaurav@vrize.com"}],"start":1727592516426,"stop":1727592547195,"uuid":"b72917ac-5b53-4c29-ac5d-4c85b743d706","historyId":"27da1572be7bb0c126964054f2b0544e","fullName":"mobile.Tests.LoginTests.loginJourneyWithDifferentCredentials","labels":[{"name":"package","value":"mobile.Tests.LoginTests"},{"name":"testClass","value":"mobile.Tests.LoginTests"},{"name":"testMethod","value":"loginJourneyWithDifferentCredentials"},{"name":"parentSuite","value":"All Test Suite"},{"name":"suite","value":"/Users/gauravpurwar/Documents/Vrize/MobileAutomationBS"},{"name":"subSuite","value":"mobile.Tests.LoginTests"},{"name":"host","value":"EPAUSYDW0050"},{"name":"thread","value":"45396@EPAUSYDW0050.main(1)"},{"name":"framework","value":"testng"},{"name":"language","value":"java"}],"links":[]}