<?xml version="1.0" encoding="UTF-8"?>
<testng-results ignored="0" total="1" passed="0" failed="1" skipped="0">
  <reporter-output>
  </reporter-output>
  <suite started-at="2024-09-29T21:47:20 AEST" name="All Test Suite" finished-at="2024-09-29T21:48:03 AEST" duration-ms="43251">
    <groups>
    </groups>
    <test started-at="2024-09-29T21:47:20 AEST" name="/Users/gauravpurwar/Documents/Vrize/MobileAutomationBS" finished-at="2024-09-29T21:48:03 AEST" duration-ms="43251">
      <class name="mobile.Tests.LoginTests">
        <test-method is-config="true" signature="Setup(java.lang.String)[pri:0, instance:mobile.Tests.LoginTests@2e222612]" started-at="2024-09-29T21:47:20 AEST" name="Setup" finished-at="2024-09-29T21:47:33 AEST" duration-ms="12292" status="PASS">
          <params>
            <param index="0">
              <value>
                <![CDATA[ios]]>
              </value>
            </param>
          </params>
          <reporter-output>
          </reporter-output>
        </test-method> <!-- Setup -->
        <test-method signature="loginJourneyWithDifferentCredentials(java.lang.String,java.lang.String)[pri:2, instance:mobile.Tests.LoginTests@2e222612]" started-at="2024-09-29T21:47:33 AEST" name="loginJourneyWithDifferentCredentials" data-provider="data-provider" finished-at="2024-09-29T21:48:02 AEST" duration-ms="29748" status="FAIL">
          <params>
            <param index="0">
              <value>
                <![CDATA[gaurav@vrize.com]]>
              </value>
            </param>
            <param index="1">
              <value>
                <![CDATA[test123]]>
              </value>
            </param>
          </params>
          <exception class="java.lang.AssertionError">
            <message>
              <![CDATA[Test Failed: Error: Invalid Header! An element could not be located on the page using the given search parameters.
For documentation on this error, please visit: https://www.selenium.dev/documentation/webdriver/troubleshooting/errors#no-such-element-exception
Build info: version: '4.25.0', revision: '8a8aea2337'
System info: os.name: 'Mac OS X', os.arch: 'x86_64', os.version: '14.6.1', java.version: '22.0.2'
Driver info: io.appium.java_client.ios.IOSDriver
Command: [27bfdaaa-d37f-4688-aefb-9f8e445fd9ff, findElement {using=xpath, value=//*[contains(text(),'Sign up or log in')]}]
Capabilities {appium:app: /Users/gaurav_purwar/Docume..., appium:autoAcceptAlerts: true, appium:autoGrantPermissions: true, appium:automationName: XCuiTest, appium:commandTimeouts: {default: 12000}, appium:databaseEnabled: false, appium:deviceName: Gaurav iPhone, appium:javascriptEnabled: true, appium:locationContextEnabled: false, appium:networkConnectionEnabled: false, appium:platformVersion: 18.0, appium:takesScreenshot: true, appium:udid: 00008101-000144661EF0001E, appium:wdaLaunchTimeout: 50000, appium:webStorageEnabled: false, appium:xcodeOrgId: purwar389@gmail.com, appium:xcodeSigningId: iPhone Developer, platformName: IOS}
Session ID: 27bfdaaa-d37f-4688-aefb-9f8e445fd9ff]]>
            </message>
            <full-stacktrace>
              <![CDATA[java.lang.AssertionError: Test Failed: Error: Invalid Header! An element could not be located on the page using the given search parameters.
For documentation on this error, please visit: https://www.selenium.dev/documentation/webdriver/troubleshooting/errors#no-such-element-exception
Build info: version: '4.25.0', revision: '8a8aea2337'
System info: os.name: 'Mac OS X', os.arch: 'x86_64', os.version: '14.6.1', java.version: '22.0.2'
Driver info: io.appium.java_client.ios.IOSDriver
Command: [27bfdaaa-d37f-4688-aefb-9f8e445fd9ff, findElement {using=xpath, value=//*[contains(text(),'Sign up or log in')]}]
Capabilities {appium:app: /Users/gaurav_purwar/Docume..., appium:autoAcceptAlerts: true, appium:autoGrantPermissions: true, appium:automationName: XCuiTest, appium:commandTimeouts: {default: 12000}, appium:databaseEnabled: false, appium:deviceName: Gaurav iPhone, appium:javascriptEnabled: true, appium:locationContextEnabled: false, appium:networkConnectionEnabled: false, appium:platformVersion: 18.0, appium:takesScreenshot: true, appium:udid: 00008101-000144661EF0001E, appium:wdaLaunchTimeout: 50000, appium:webStorageEnabled: false, appium:xcodeOrgId: purwar389@gmail.com, appium:xcodeSigningId: iPhone Developer, platformName: IOS}
Session ID: 27bfdaaa-d37f-4688-aefb-9f8e445fd9ff
at org.testng.Assert.fail(Assert.java:99)
at mobile.Tests.LoginTests.loginJourneyWithDifferentCredentials(LoginTests.java:65)
at java.base/jdk.internal.reflect.DirectMethodHandleAccessor.invoke(DirectMethodHandleAccessor.java:103)
at java.base/java.lang.reflect.Method.invoke(Method.java:580)
at org.testng.internal.MethodInvocationHelper.invokeMethod(MethodInvocationHelper.java:133)
at org.testng.internal.TestInvoker.invokeMethod(TestInvoker.java:598)
at org.testng.internal.TestInvoker.invokeTestMethod(TestInvoker.java:173)
at org.testng.internal.MethodRunner.runInSequence(MethodRunner.java:46)
at org.testng.internal.TestInvoker$MethodInvocationAgent.invoke(TestInvoker.java:824)
at org.testng.internal.TestInvoker.invokeTestMethods(TestInvoker.java:146)
at org.testng.internal.TestMethodWorker.invokeTestMethods(TestMethodWorker.java:146)
at org.testng.internal.TestMethodWorker.run(TestMethodWorker.java:128)
at java.base/java.util.ArrayList.forEach(ArrayList.java:1597)
at org.testng.TestRunner.privateRun(TestRunner.java:794)
at org.testng.TestRunner.run(TestRunner.java:596)
at org.testng.SuiteRunner.runTest(SuiteRunner.java:377)
at org.testng.SuiteRunner.runSequentially(SuiteRunner.java:371)
at org.testng.SuiteRunner.privateRun(SuiteRunner.java:332)
at org.testng.SuiteRunner.run(SuiteRunner.java:276)
at org.testng.SuiteRunnerWorker.runSuite(SuiteRunnerWorker.java:53)
at org.testng.SuiteRunnerWorker.run(SuiteRunnerWorker.java:96)
at org.testng.TestNG.runSuitesSequentially(TestNG.java:1212)
at org.testng.TestNG.runSuitesLocally(TestNG.java:1134)
at org.testng.TestNG.runSuites(TestNG.java:1063)
at org.testng.TestNG.run(TestNG.java:1031)
at org.apache.maven.surefire.testng.TestNGExecutor.run(TestNGExecutor.java:281)
at org.apache.maven.surefire.testng.TestNGXmlTestSuite.execute(TestNGXmlTestSuite.java:75)
at org.apache.maven.surefire.testng.TestNGProvider.invoke(TestNGProvider.java:121)
at org.apache.maven.surefire.booter.ForkedBooter.invokeProviderInSameClassLoader(ForkedBooter.java:290)
at org.apache.maven.surefire.booter.ForkedBooter.runSuitesInProcess(ForkedBooter.java:242)
at org.apache.maven.surefire.booter.ForkedBooter.main(ForkedBooter.java:121)
]]>
            </full-stacktrace>
          </exception> <!-- java.lang.AssertionError -->
          <reporter-output>
          </reporter-output>
        </test-method> <!-- loginJourneyWithDifferentCredentials -->
        <test-method is-config="true" signature="tearDown()[pri:0, instance:mobile.Tests.LoginTests@2e222612]" started-at="2024-09-29T21:48:02 AEST" name="tearDown" finished-at="2024-09-29T21:48:03 AEST" duration-ms="1065" status="PASS">
          <reporter-output>
          </reporter-output>
        </test-method> <!-- tearDown -->
      </class> <!-- mobile.Tests.LoginTests -->
    </test> <!-- /Users/gauravpurwar/Documents/Vrize/MobileAutomationBS -->
  </suite> <!-- All Test Suite -->
</testng-results>
