<?xml version="1.0" encoding="UTF-8"?>
<!-- Generated by org.testng.reporters.JUnitXMLReporter -->
<testsuite ignored="0" hostname="EPAUSYDW0050" failures="1" tests="1" name="/Users/gauravpurwar/Documents/Vrize/MobileAutomationBS" time="43.251" errors="0" timestamp="2024-09-29T21:48:04 AEST">
  <testcase classname="mobile.Tests.LoginTests" name="loginJourneyWithDifferentCredentials" time="29.748">
    <failure type="java.lang.AssertionError" message="Test Failed: Error: Invalid Header! An element could not be located on the page using the given search parameters.
For documentation on this error, please visit: https://www.selenium.dev/documentation/webdriver/troubleshooting/errors#no-such-element-exception
Build info: version: &amp;apos;4.25.0&amp;apos;, revision: &amp;apos;8a8aea2337&amp;apos;
System info: os.name: &amp;apos;Mac OS X&amp;apos;, os.arch: &amp;apos;x86_64&amp;apos;, os.version: &amp;apos;14.6.1&amp;apos;, java.version: &amp;apos;22.0.2&amp;apos;
Driver info: io.appium.java_client.ios.IOSDriver
Command: [27bfdaaa-d37f-4688-aefb-9f8e445fd9ff, findElement {using=xpath, value=//*[contains(text(),&amp;apos;Sign up or log in&amp;apos;)]}]
Capabilities {appium:app: /Users/gaurav_purwar/Docume..., appium:autoAcceptAlerts: true, appium:autoGrantPermissions: true, appium:automationName: XCuiTest, appium:commandTimeouts: {default: 12000}, appium:databaseEnabled: false, appium:deviceName: Gaurav iPhone, appium:javascriptEnabled: true, appium:locationContextEnabled: false, appium:networkConnectionEnabled: false, appium:platformVersion: 18.0, appium:takesScreenshot: true, appium:udid: 00008101-000144661EF0001E, appium:wdaLaunchTimeout: 50000, appium:webStorageEnabled: false, appium:xcodeOrgId: purwar389@gmail.com, appium:xcodeSigningId: iPhone Developer, platformName: IOS}
Session ID: 27bfdaaa-d37f-4688-aefb-9f8e445fd9ff">
      <![CDATA[java.lang.AssertionError: Test Failed: Error: Invalid Header! An element could not be located on the page using the given search parameters.
For documentation on this error, please visit: https://www.selenium.dev/documentation/webdriver/troubleshooting/errors#no-such-element-exception
Build info: version: '4.25.0', revision: '8a8aea2337'
System info: os.name: 'Mac OS X', os.arch: 'x86_64', os.version: '14.6.1', java.version: '22.0.2'
Driver info: io.appium.java_client.ios.IOSDriver
Command: [27bfdaaa-d37f-4688-aefb-9f8e445fd9ff, findElement {using=xpath, value=//*[contains(text(),'Sign up or log in')]}]
Capabilities {appium:app: /Users/gaurav_purwar/Docume..., appium:autoAcceptAlerts: true, appium:autoGrantPermissions: true, appium:automationName: XCuiTest, appium:commandTimeouts: {default: 12000}, appium:databaseEnabled: false, appium:deviceName: Gaurav iPhone, appium:javascriptEnabled: true, appium:locationContextEnabled: false, appium:networkConnectionEnabled: false, appium:platformVersion: 18.0, appium:takesScreenshot: true, appium:udid: 00008101-000144661EF0001E, appium:wdaLaunchTimeout: 50000, appium:webStorageEnabled: false, appium:xcodeOrgId: purwar389@gmail.com, appium:xcodeSigningId: iPhone Developer, platformName: IOS}
Session ID: 27bfdaaa-d37f-4688-aefb-9f8e445fd9ff
at mobile.Tests.LoginTests.loginJourneyWithDifferentCredentials(LoginTests.java:65)
at java.base/java.util.ArrayList.forEach(ArrayList.java:1597)
... Removed 29 stack frames]]>
    </failure>
  </testcase> <!-- loginJourneyWithDifferentCredentials -->
</testsuite> <!-- /Users/gauravpurwar/Documents/Vrize/MobileAutomationBS -->
